[debug] [2019-03-23T12:21:29.110Z] ----------------------------------------------------------------------
[debug] [2019-03-23T12:21:29.112Z] Command:       /home/jyuvaraj03/.nvm/versions/node/v10.12.0/bin/node /usr/local/bin/firebase serve
[debug] [2019-03-23T12:21:29.112Z] CLI Version:   4.0.0
[debug] [2019-03-23T12:21:29.112Z] Platform:      linux
[debug] [2019-03-23T12:21:29.112Z] Node Version:  v10.12.0
[debug] [2019-03-23T12:21:29.113Z] Time:          Sat Mar 23 2019 17:51:29 GMT+0530 (India Standard Time)
[debug] [2019-03-23T12:21:29.113Z] ----------------------------------------------------------------------
[debug] 
[debug] [2019-03-23T12:21:29.119Z] > command requires scopes: ["email","openid","https://www.googleapis.com/auth/cloudplatformprojects.readonly","https://www.googleapis.com/auth/firebase","https://www.googleapis.com/auth/cloud-platform"]
[debug] [2019-03-23T12:21:29.119Z] > authorizing via signed-in user
[debug] [2019-03-23T12:21:29.121Z] >>> HTTP REQUEST GET https://admin.firebase.com/v1/projects/tender-261f1  
  
 Sat Mar 23 2019 17:51:29 GMT+0530 (India Standard Time)
[debug] [2019-03-23T12:21:30.473Z] <<< HTTP RESPONSE 200
[debug] [2019-03-23T12:21:30.474Z] >>> HTTP REQUEST GET https://admin.firebase.com/v1/database/tender-261f1/tokens  
  
 Sat Mar 23 2019 17:51:30 GMT+0530 (India Standard Time)
[debug] [2019-03-23T12:21:31.490Z] <<< HTTP RESPONSE 200
[debug] [2019-03-23T12:21:31.493Z] >>> HTTP REQUEST GET https://cloudresourcemanager.googleapis.com/v1/projects/tender-261f1  
  
 Sat Mar 23 2019 17:51:31 GMT+0530 (India Standard Time)
[debug] [2019-03-23T12:21:33.320Z] <<< HTTP RESPONSE 200
[info] 
[info] === Serving from '/home/jyuvaraj03/c2c/tender (copy)'...
[info] 
[debug] [2019-03-23T12:21:33.325Z] >>> HTTP REQUEST GET https://mobilesdk-pa.googleapis.com/v1/projects/175461595113/clients/_:getWebAppConfig  
  
 Sat Mar 23 2019 17:51:33 GMT+0530 (India Standard Time)
[debug] [2019-03-23T12:21:33.910Z] <<< HTTP RESPONSE 200
[info] i  hosting: Serving hosting files from: public
[info] ✔  hosting: Local server: http://localhost:5000

