[debug] [2019-03-23T02:53:10.758Z] ----------------------------------------------------------------------
[debug] [2019-03-23T02:53:10.760Z] Command:       /home/jyuvaraj03/.nvm/versions/node/v10.12.0/bin/node /usr/local/bin/firebase serve
[debug] [2019-03-23T02:53:10.760Z] CLI Version:   4.0.0
[debug] [2019-03-23T02:53:10.760Z] Platform:      linux
[debug] [2019-03-23T02:53:10.760Z] Node Version:  v10.12.0
[debug] [2019-03-23T02:53:10.760Z] Time:          Sat Mar 23 2019 08:23:10 GMT+0530 (India Standard Time)
[debug] [2019-03-23T02:53:10.760Z] ----------------------------------------------------------------------
[debug] 
[debug] [2019-03-23T02:53:10.767Z] > command requires scopes: ["email","openid","https://www.googleapis.com/auth/cloudplatformprojects.readonly","https://www.googleapis.com/auth/firebase","https://www.googleapis.com/auth/cloud-platform"]
[debug] [2019-03-23T02:53:10.767Z] > authorizing via signed-in user
[debug] [2019-03-23T02:53:10.769Z] >>> HTTP REQUEST GET https://admin.firebase.com/v1/projects/tender-261f1  
  
 Sat Mar 23 2019 08:23:10 GMT+0530 (India Standard Time)
[debug] [2019-03-23T02:53:12.335Z] <<< HTTP RESPONSE 200
[debug] [2019-03-23T02:53:12.339Z] >>> HTTP REQUEST GET https://admin.firebase.com/v1/database/tender-261f1/tokens  
  
 Sat Mar 23 2019 08:23:12 GMT+0530 (India Standard Time)
[debug] [2019-03-23T02:53:13.793Z] <<< HTTP RESPONSE 200
[debug] [2019-03-23T02:53:13.796Z] >>> HTTP REQUEST GET https://cloudresourcemanager.googleapis.com/v1/projects/tender-261f1  
  
 Sat Mar 23 2019 08:23:13 GMT+0530 (India Standard Time)
[debug] [2019-03-23T02:53:15.615Z] <<< HTTP RESPONSE 200
[info] 
[info] === Serving from '/home/jyuvaraj03/c2c/tender'...
[info] 
[debug] [2019-03-23T02:53:15.619Z] >>> HTTP REQUEST GET https://mobilesdk-pa.googleapis.com/v1/projects/175461595113/clients/_:getWebAppConfig  
  
 Sat Mar 23 2019 08:23:15 GMT+0530 (India Standard Time)
[debug] [2019-03-23T02:53:16.401Z] <<< HTTP RESPONSE 200
[info] i  hosting: Serving hosting files from: public
[info] ✔  hosting: Local server: http://localhost:5000

